<?xml version="1.0" encoding="UTF-8"?>
<testsuite xmlns:xsi="http://www.w3.org/2001/XMLSchema-instance" xsi:noNamespaceSchemaLocation="https://maven.apache.org/surefire/maven-surefire-plugin/xsd/surefire-test-report-3.0.xsd" version="3.0" name="runners.TestRunner" time="76.879" tests="3" errors="1" skipped="0" failures="1">
  <properties>
[...]
</properties>
  <testcase name="Validación del precio de un producto #1" classname="Product - Store" time="30.312">
    <error message="Expected condition failed: waiting for element to be clickable: By.xpath: //a[contains(normalize-space(), &apos;Men&apos;)] (tried for 15 second(s) with 500 milliseconds interval)&#10;Build info: version: &apos;4.21.0&apos;, revision: &apos;79ed462ef4&apos;&#10;System info: os.name: &apos;Windows 11&apos;, os.arch: &apos;amd64&apos;, os.version: &apos;10.0&apos;, java.version: &apos;17.0.12&apos;&#10;Driver info: org.openqa.selenium.chrome.ChromeDriver&#10;Capabilities {acceptInsecureCerts: false, browserName: chrome, browserVersion: 146.0.7680.71, chrome: {chromedriverVersion: 146.0.7680.80 (f08938029c88..., userDataDir: C:\Users\erosg\AppData\Loca...}, fedcm:accounts: true, goog:chromeOptions: {debuggerAddress: localhost:51947}, goog:processID: 24468, networkConnectionEnabled: false, pageLoadStrategy: normal, platformName: windows, proxy: Proxy(), se:cdp: ws://localhost:51947/devtoo..., se:cdpVersion: 146.0.7680.71, setWindowRect: true, strictFileInteractability: false, timeouts: {implicit: 0, pageLoad: 300000, script: 30000}, unhandledPromptBehavior: dismiss and notify, webauthn:extension:credBlob: true, webauthn:extension:largeBlob: true, webauthn:extension:minPinLength: true, webauthn:extension:prf: true, webauthn:virtualAuthenticators: true}&#10;Session ID: 1093a426776fdea6f6c43ee4750d8763" type="org.openqa.selenium.TimeoutException"><![CDATA[org.openqa.selenium.TimeoutException: 
Expected condition failed: waiting for element to be clickable: By.xpath: //a[contains(normalize-space(), 'Men')] (tried for 15 second(s) with 500 milliseconds interval)
Build info: version: '4.21.0', revision: '79ed462ef4'
System info: os.name: 'Windows 11', os.arch: 'amd64', os.version: '10.0', java.version: '17.0.12'
Driver info: org.openqa.selenium.chrome.ChromeDriver
Capabilities {acceptInsecureCerts: false, browserName: chrome, browserVersion: 146.0.7680.71, chrome: {chromedriverVersion: 146.0.7680.80 (f08938029c88..., userDataDir: C:\Users\erosg\AppData\Loca...}, fedcm:accounts: true, goog:chromeOptions: {debuggerAddress: localhost:51947}, goog:processID: 24468, networkConnectionEnabled: false, pageLoadStrategy: normal, platformName: windows, proxy: Proxy(), se:cdp: ws://localhost:51947/devtoo..., se:cdpVersion: 146.0.7680.71, setWindowRect: true, strictFileInteractability: false, timeouts: {implicit: 0, pageLoad: 300000, script: 30000}, unhandledPromptBehavior: dismiss and notify, webauthn:extension:credBlob: true, webauthn:extension:largeBlob: true, webauthn:extension:minPinLength: true, webauthn:extension:prf: true, webauthn:virtualAuthenticators: true}
Session ID: 1093a426776fdea6f6c43ee4750d8763
	at org.openqa.selenium.support.ui.WebDriverWait.timeoutException(WebDriverWait.java:84)
	at org.openqa.selenium.support.ui.FluentWait.until(FluentWait.java:228)
	at pages.BasePage.click(BasePage.java:31)
	at pages.HomePage.goToCategory(HomePage.java:26)
	at steps.StoreSteps.navegoALaCategoriaYSubcategoria(StoreSteps.java:64)
	at ✽.navego a la categoria "Clothes" y subcategoria "Men"(file:///C:/nnt%20data/Examen%20Web/selenium-store/src/test/resources/features/store.feature:6)
]]></error>
    <system-out><![CDATA[
Scenario Outline: ValidaciÃ³n del precio de un producto                     # src/test/resources/features/store.feature:16
  Given estoy en la pÃ¡gina de la tienda                                    # steps.StoreSteps.estoyEnLaPaginaDeLaTienda()
  And me logueo con mi usuario "${valid.user}" y clave "${valid.password}" # steps.StoreSteps.meLogueoConMiUsuarioYClave(java.lang.String,java.lang.String)
  When navego a la categoria "Clothes" y subcategoria "Men"                # steps.StoreSteps.navegoALaCategoriaYSubcategoria(java.lang.String,java.lang.String)
      org.openqa.selenium.TimeoutException: Expected condition failed: waiting for element to be clickable: By.xpath: //a[contains(normalize-space(), 'Men')] (tried for 15 second(s) with 500 milliseconds interval)
Build info: version: '4.21.0', revision: '79ed462ef4'
System info: os.name: 'Windows 11', os.arch: 'amd64', os.version: '10.0', java.version: '17.0.12'
Driver info: org.openqa.selenium.chrome.ChromeDriver
Capabilities {acceptInsecureCerts: false, browserName: chrome, browserVersion: 146.0.7680.71, chrome: {chromedriverVersion: 146.0.7680.80 (f08938029c88..., userDataDir: C:\Users\erosg\AppData\Loca...}, fedcm:accounts: true, goog:chromeOptions: {debuggerAddress: localhost:51947}, goog:processID: 24468, networkConnectionEnabled: false, pageLoadStrategy: normal, platformName: windows, proxy: Proxy(), se:cdp: ws://localhost:51947/devtoo..., se:cdpVersion: 146.0.7680.71, setWindowRect: true, strictFileInteractability: false, timeouts: {implicit: 0, pageLoad: 300000, script: 30000}, unhandledPromptBehavior: dismiss and notify, webauthn:extension:credBlob: true, webauthn:extension:largeBlob: true, webauthn:extension:minPinLength: true, webauthn:extension:prf: true, webauthn:virtualAuthenticators: true}
Session ID: 1093a426776fdea6f6c43ee4750d8763
	at org.openqa.selenium.support.ui.WebDriverWait.timeoutException(WebDriverWait.java:84)
	at org.openqa.selenium.support.ui.FluentWait.until(FluentWait.java:228)
	at pages.BasePage.click(BasePage.java:31)
	at pages.HomePage.goToCategory(HomePage.java:26)
	at steps.StoreSteps.navegoALaCategoriaYSubcategoria(StoreSteps.java:64)
	at âœ½.navego a la categoria "Clothes" y subcategoria "Men"(file:///C:/nnt%20data/Examen%20Web/selenium-store/src/test/resources/features/store.feature:6)

  And agrego 2 unidades del primer producto al carrito                     # steps.StoreSteps.agrego2UnidadesDelPrimerProductoAlCarrito()
  Then valido en el popup la confirmaciÃ³n del producto agregado            # steps.StoreSteps.validoEnElPopupLaConfirmacionDelProductoAgregado()
  And valido en el popup que el monto total sea calculado correctamente    # steps.StoreSteps.validoEnElPopupQueElMontoTotalSeaCalculadoCorrectamente()
  When finalizo la compra                                                  # steps.StoreSteps.finalizoLaCompra()
  Then valido el titulo de la pagina del carrito                           # steps.StoreSteps.validoElTituloDeLaPaginaDelCarrito()
  And vuelvo a validar el calculo de precios en el carrito                 # steps.StoreSteps.vuelvoAValidarElCalculoDePreciosEnElCarrito()
]]></system-out>
    <system-err><![CDATA[SLF4J(W): No SLF4J providers were found.
SLF4J(W): Defaulting to no-operation (NOP) logger implementation
SLF4J(W): See https://www.slf4j.org/codes.html#noProviders for further details.
mar 17, 2026 10:46:39 P. M. org.openqa.selenium.devtools.CdpVersionFinder findNearestMatch
WARNING: Unable to find CDP implementation matching 146
mar 17, 2026 10:46:39 P. M. org.openqa.selenium.chromium.ChromiumDriver lambda$new$5
WARNING: Unable to find version of CDP to use for 146.0.7680.71. You may need to include a dependency on a specific version of the CDP using something similar to `org.seleniumhq.selenium:selenium-devtools-v86:4.21.0` where the version ("v86") matches the version of the chromium-based browser you're using and the version number of the artifact is the same as Selenium's.
]]></system-err>
  </testcase>
  <testcase name="Validación del precio de un producto #2" classname="Product - Store" time="20.242">
    <failure message="Se esperaba error de autenticación" type="java.lang.AssertionError"><![CDATA[java.lang.AssertionError: Se esperaba error de autenticación
	at org.junit.Assert.fail(Assert.java:89)
	at org.junit.Assert.assertTrue(Assert.java:42)
	at steps.StoreSteps.meLogueoConMiUsuarioYClave(StoreSteps.java:40)
	at ✽.me logueo con mi usuario "usuario_invalido" y clave "clave_mala"(file:///C:/nnt%20data/Examen%20Web/selenium-store/src/test/resources/features/store.feature:5)
]]></failure>
    <system-out><![CDATA[
Scenario Outline: ValidaciÃ³n del precio de un producto                  # src/test/resources/features/store.feature:17
  Given estoy en la pÃ¡gina de la tienda                                 # steps.StoreSteps.estoyEnLaPaginaDeLaTienda()
  And me logueo con mi usuario "usuario_invalido" y clave "clave_mala"  # steps.StoreSteps.meLogueoConMiUsuarioYClave(java.lang.String,java.lang.String)
      java.lang.AssertionError: Se esperaba error de autenticaciÃ³n
	at org.junit.Assert.fail(Assert.java:89)
	at org.junit.Assert.assertTrue(Assert.java:42)
	at steps.StoreSteps.meLogueoConMiUsuarioYClave(StoreSteps.java:40)
	at âœ½.me logueo con mi usuario "usuario_invalido" y clave "clave_mala"(file:///C:/nnt%20data/Examen%20Web/selenium-store/src/test/resources/features/store.feature:5)

  When navego a la categoria "Clothes" y subcategoria "Men"             # steps.StoreSteps.navegoALaCategoriaYSubcategoria(java.lang.String,java.lang.String)
  And agrego 2 unidades del primer producto al carrito                  # steps.StoreSteps.agrego2UnidadesDelPrimerProductoAlCarrito()
  Then valido en el popup la confirmaciÃ³n del producto agregado         # steps.StoreSteps.validoEnElPopupLaConfirmacionDelProductoAgregado()
  And valido en el popup que el monto total sea calculado correctamente # steps.StoreSteps.validoEnElPopupQueElMontoTotalSeaCalculadoCorrectamente()
  When finalizo la compra                                               # steps.StoreSteps.finalizoLaCompra()
  Then valido el titulo de la pagina del carrito                        # steps.StoreSteps.validoElTituloDeLaPaginaDelCarrito()
  And vuelvo a validar el calculo de precios en el carrito              # steps.StoreSteps.vuelvoAValidarElCalculoDePreciosEnElCarrito()
]]></system-out>
    <system-err><![CDATA[mar 17, 2026 10:47:04 P. M. org.openqa.selenium.devtools.CdpVersionFinder findNearestMatch
WARNING: Unable to find CDP implementation matching 146
mar 17, 2026 10:47:04 P. M. org.openqa.selenium.chromium.ChromiumDriver lambda$new$5
WARNING: Unable to find version of CDP to use for 146.0.7680.71. You may need to include a dependency on a specific version of the CDP using something similar to `org.seleniumhq.selenium:selenium-devtools-v86:4.21.0` where the version ("v86") matches the version of the chromium-based browser you're using and the version number of the artifact is the same as Selenium's.
]]></system-err>
  </testcase>
  <testcase name="Validación del precio de un producto #3" classname="Product - Store" time="25.028">
    <system-out><![CDATA[
Scenario Outline: ValidaciÃ³n del precio de un producto                     # src/test/resources/features/store.feature:18
  Given estoy en la pÃ¡gina de la tienda                                    # steps.StoreSteps.estoyEnLaPaginaDeLaTienda()
  And me logueo con mi usuario "${valid.user}" y clave "${valid.password}" # steps.StoreSteps.meLogueoConMiUsuarioYClave(java.lang.String,java.lang.String)
  When navego a la categoria "Autos" y subcategoria "Men"                  # steps.StoreSteps.navegoALaCategoriaYSubcategoria(java.lang.String,java.lang.String)
  And agrego 2 unidades del primer producto al carrito                     # steps.StoreSteps.agrego2UnidadesDelPrimerProductoAlCarrito()
  Then valido en el popup la confirmaciÃ³n del producto agregado            # steps.StoreSteps.validoEnElPopupLaConfirmacionDelProductoAgregado()
  And valido en el popup que el monto total sea calculado correctamente    # steps.StoreSteps.validoEnElPopupQueElMontoTotalSeaCalculadoCorrectamente()
  When finalizo la compra                                                  # steps.StoreSteps.finalizoLaCompra()
  Then valido el titulo de la pagina del carrito                           # steps.StoreSteps.validoElTituloDeLaPaginaDelCarrito()
  And vuelvo a validar el calculo de precios en el carrito                 # steps.StoreSteps.vuelvoAValidarElCalculoDePreciosEnElCarrito()
]]></system-out>
    <system-err><![CDATA[mar 17, 2026 10:47:24 P. M. org.openqa.selenium.devtools.CdpVersionFinder findNearestMatch
WARNING: Unable to find CDP implementation matching 146
mar 17, 2026 10:47:24 P. M. org.openqa.selenium.chromium.ChromiumDriver lambda$new$5
WARNING: Unable to find version of CDP to use for 146.0.7680.71. You may need to include a dependency on a specific version of the CDP using something similar to `org.seleniumhq.selenium:selenium-devtools-v86:4.21.0` where the version ("v86") matches the version of the chromium-based browser you're using and the version number of the artifact is the same as Selenium's.
]]></system-err>
  </testcase>
</testsuite>